  Understanding_Laptop.cpp
c:\users\ajit\desktop\machine-novelist-project\understanding_laptop\understanding_laptop\csvreader.h(99): warning C4018: '<': signed/unsigned mismatch
c:\users\ajit\desktop\machine-novelist-project\understanding_laptop\understanding_laptop\trieds.h(29): warning C4018: '<': signed/unsigned mismatch
c:\users\ajit\desktop\machine-novelist-project\understanding_laptop\understanding_laptop\trieds.h(92): warning C4018: '<': signed/unsigned mismatch
c:\users\ajit\desktop\machine-novelist-project\understanding_laptop\understanding_laptop\trieds.h(96): warning C4018: '<': signed/unsigned mismatch
c:\users\ajit\desktop\machine-novelist-project\understanding_laptop\understanding_laptop\trieds.h(123): warning C4018: '<': signed/unsigned mismatch
c:\users\ajit\desktop\machine-novelist-project\understanding_laptop\understanding_laptop\trieds.h(127): warning C4018: '<': signed/unsigned mismatch
c:\users\ajit\desktop\machine-novelist-project\understanding_laptop\understanding_laptop\trieds.h(147): warning C4018: '<': signed/unsigned mismatch
c:\users\ajit\desktop\machine-novelist-project\understanding_laptop\understanding_laptop\pos_labeller.h(124): warning C4018: '<': signed/unsigned mismatch
c:\users\ajit\desktop\machine-novelist-project\understanding_laptop\understanding_laptop\pos_labeller.h(126): warning C4018: '<': signed/unsigned mismatch
c:\users\ajit\desktop\machine-novelist-project\understanding_laptop\understanding_laptop\pos_labeller.h(138): warning C4018: '<': signed/unsigned mismatch
c:\users\ajit\desktop\machine-novelist-project\understanding_laptop\understanding_laptop\pos_labeller.h(143): warning C4018: '<': signed/unsigned mismatch
c:\users\ajit\desktop\machine-novelist-project\understanding_laptop\understanding_laptop\pos_labeller.h(148): warning C4018: '<': signed/unsigned mismatch
c:\users\ajit\desktop\machine-novelist-project\understanding_laptop\understanding_laptop\pos_labeller.h(153): warning C4018: '<': signed/unsigned mismatch
c:\users\ajit\desktop\machine-novelist-project\understanding_laptop\understanding_laptop\pos_labeller.h(158): warning C4018: '<': signed/unsigned mismatch
c:\users\ajit\desktop\machine-novelist-project\understanding_laptop\understanding_laptop\pos_labeller.h(163): warning C4018: '<': signed/unsigned mismatch
c:\users\ajit\desktop\machine-novelist-project\understanding_laptop\understanding_laptop\pos_labeller.h(168): warning C4018: '<': signed/unsigned mismatch
c:\users\ajit\desktop\machine-novelist-project\understanding_laptop\understanding_laptop\pos_labeller.h(173): warning C4018: '<': signed/unsigned mismatch
c:\users\ajit\desktop\machine-novelist-project\understanding_laptop\understanding_laptop\pos_labeller.h(178): warning C4018: '<': signed/unsigned mismatch
c:\users\ajit\desktop\machine-novelist-project\understanding_laptop\understanding_laptop\pos_labeller.h(183): warning C4018: '<': signed/unsigned mismatch
c:\users\ajit\desktop\machine-novelist-project\understanding_laptop\understanding_laptop\pos_labeller.h(189): warning C4018: '<': signed/unsigned mismatch
c:\users\ajit\desktop\machine-novelist-project\understanding_laptop\understanding_laptop\pos_labeller.h(199): warning C4018: '<': signed/unsigned mismatch
c:\users\ajit\desktop\machine-novelist-project\understanding_laptop\understanding_laptop\pos_labeller.h(201): warning C4018: '<': signed/unsigned mismatch
c:\users\ajit\desktop\machine-novelist-project\understanding_laptop\understanding_laptop\pos_labeller.h(368): warning C4018: '<': signed/unsigned mismatch
c:\users\ajit\desktop\machine-novelist-project\understanding_laptop\understanding_laptop\pos_labeller.h(371): warning C4018: '<': signed/unsigned mismatch
c:\users\ajit\desktop\machine-novelist-project\understanding_laptop\understanding_laptop\reading.h(94): warning C4018: '<': signed/unsigned mismatch
c:\users\ajit\desktop\machine-novelist-project\understanding_laptop\understanding_laptop\reading.h(182): warning C4018: '<': signed/unsigned mismatch
c:\users\ajit\desktop\machine-novelist-project\understanding_laptop\understanding_laptop\reading.h(225): warning C4018: '<': signed/unsigned mismatch
c:\users\ajit\desktop\machine-novelist-project\understanding_laptop\understanding_laptop\reading.h(273): warning C4018: '<': signed/unsigned mismatch
c:\users\ajit\desktop\machine-novelist-project\understanding_laptop\understanding_laptop\reading.h(311): warning C4018: '<': signed/unsigned mismatch
c:\users\ajit\desktop\machine-novelist-project\understanding_laptop\understanding_laptop\reading.h(349): warning C4018: '<': signed/unsigned mismatch
c:\users\ajit\desktop\machine-novelist-project\understanding_laptop\understanding_laptop\reading.h(385): warning C4018: '<': signed/unsigned mismatch
c:\users\ajit\desktop\machine-novelist-project\understanding_laptop\understanding_laptop\reading.h(610): warning C4018: '<': signed/unsigned mismatch
c:\users\ajit\desktop\machine-novelist-project\understanding_laptop\understanding_laptop\reading.h(640): warning C4018: '<': signed/unsigned mismatch
c:\users\ajit\desktop\machine-novelist-project\understanding_laptop\understanding_laptop\reading.h(641): warning C4018: '<': signed/unsigned mismatch
c:\users\ajit\desktop\machine-novelist-project\understanding_laptop\understanding_laptop\reading.h(650): warning C4018: '<': signed/unsigned mismatch
c:\users\ajit\desktop\machine-novelist-project\understanding_laptop\understanding_laptop\reading.h(651): warning C4018: '<': signed/unsigned mismatch
c:\users\ajit\desktop\machine-novelist-project\understanding_laptop\understanding_laptop\reading.h(665): warning C4018: '<': signed/unsigned mismatch
c:\users\ajit\desktop\machine-novelist-project\understanding_laptop\understanding_laptop\reading.h(666): warning C4018: '<': signed/unsigned mismatch
c:\users\ajit\desktop\machine-novelist-project\understanding_laptop\understanding_laptop\reading.h(667): warning C4018: '<': signed/unsigned mismatch
c:\users\ajit\desktop\machine-novelist-project\understanding_laptop\understanding_laptop\reading.h(674): warning C4018: '<': signed/unsigned mismatch
c:\users\ajit\desktop\machine-novelist-project\understanding_laptop\understanding_laptop\reading.h(688): warning C4018: '<': signed/unsigned mismatch
c:\users\ajit\desktop\machine-novelist-project\understanding_laptop\understanding_laptop\reading.h(739): warning C4018: '<': signed/unsigned mismatch
c:\users\ajit\desktop\machine-novelist-project\understanding_laptop\understanding_laptop\reading.h(761): warning C4018: '<': signed/unsigned mismatch
c:\users\ajit\desktop\machine-novelist-project\understanding_laptop\understanding_laptop\reading.h(791): warning C4018: '<': signed/unsigned mismatch
c:\users\ajit\desktop\machine-novelist-project\understanding_laptop\understanding_laptop\reading.h(925): warning C4018: '<': signed/unsigned mismatch
  Understanding_Laptop.vcxproj -> C:\Users\Ajit\Desktop\Machine-Novelist-Project\Understanding_Laptop\Debug\Understanding_Laptop.exe
  Understanding_Laptop.vcxproj -> C:\Users\Ajit\Desktop\Machine-Novelist-Project\Understanding_Laptop\Debug\Understanding_Laptop.pdb (Partial PDB)
